#
# There is insufficient memory for the Java Runtime Environment to continue.
# Native memory allocation (malloc) failed to allocate 1281472 bytes. Error detail: Chunk::new
# Possible reasons:
#   The system is out of physical RAM or swap space
#   This process is running with CompressedOops enabled, and the Java Heap may be blocking the growth of the native heap
# Possible solutions:
#   Reduce memory load on the system
#   Increase physical memory or swap space
#   Check if swap backing store is full
#   Decrease Java heap size (-Xmx/-Xms)
#   Decrease number of Java threads
#   Decrease Java thread stack sizes (-Xss)
#   Set larger code cache with -XX:ReservedCodeCacheSize=
#   JVM is running with Unscaled Compressed Oops mode in which the Java heap is
#     placed in the first 4GB address space. The Java Heap base address is the
#     maximum limit for the native heap growth. Please use -XX:HeapBaseMinAddress
#     to set the Java Heap base and to place the Java Heap above 4GB virtual address.
# This output file may be truncated or incomplete.
#
#  Out of Memory Error (arena.cpp:168), pid=36896, tid=55796
#
# JRE version: OpenJDK Runtime Environment Temurin-21.0.8+9 (21.0.8+9) (build 21.0.8+9-LTS)
# Java VM: OpenJDK 64-Bit Server VM Temurin-21.0.8+9 (21.0.8+9-LTS, mixed mode, sharing, tiered, compressed oops, compressed class ptrs, g1 gc, windows-amd64)
# No core dump will be written. Minidumps are not enabled by default on client versions of Windows
#

---------------  S U M M A R Y ------------

Command Line: -Dfile.encoding=UTF-8 -Dstdout.encoding=UTF-8 -Dstderr.encoding=UTF-8 -XX:+ShowCodeDetailsInExceptionMessages com.sprint.pet_shop.PetShopApplication

Host: Intel(R) Core(TM) i7-7600U CPU @ 2.80GHz, 4 cores, 7G,  Windows 10 , 64 bit Build 19041 (10.0.19041.5915)
Time: Wed Apr 22 09:53:47 2026 India Standard Time elapsed time: 4779.549041 seconds (0d 1h 19m 39s)

---------------  T H R E A D  ---------------

Current thread (0x0000014be61d3b90):  JavaThread "C2 CompilerThread0" daemon [_thread_in_native, id=55796, stack(0x0000000d62c00000,0x0000000d62d00000) (1024K)]


Current CompileTask:
C2:4779549 19805       4       java.lang.ClassLoader::defineClass (43 bytes)

Stack: [0x0000000d62c00000,0x0000000d62d00000]
Native frames: (J=compiled Java code, j=interpreted, Vv=VM code, C=native code)
V  [jvm.dll+0x6d2449]
V  [jvm.dll+0x8ae341]
V  [jvm.dll+0x8b08be]
V  [jvm.dll+0x8b0fa3]
V  [jvm.dll+0x280c96]
V  [jvm.dll+0xc581d]
V  [jvm.dll+0xc5d53]
V  [jvm.dll+0x3b919c]
V  [jvm.dll+0x385315]
V  [jvm.dll+0x38477a]
V  [jvm.dll+0x248ed0]
V  [jvm.dll+0x2484af]
V  [jvm.dll+0x1c89ee]
V  [jvm.dll+0x257d4d]
V  [jvm.dll+0x2562ea]
V  [jvm.dll+0x3f2d16]
V  [jvm.dll+0x857e6b]
V  [jvm.dll+0x6d0b0d]
C  [ucrtbase.dll+0x21bb2]
C  [KERNEL32.DLL+0x17374]
C  [ntdll.dll+0x4cc91]


---------------  P R O C E S S  ---------------

Threads class SMR info:
_java_thread_list=0x0000014beff6ec40, length=32, elements={
0x0000014be61c9540, 0x0000014be61ca8e0, 0x0000014be61d0f20, 0x0000014be61d1970,
0x0000014be61d23c0, 0x0000014be61d2e10, 0x0000014be61d3b90, 0x0000014be624ba90,
0x0000014be6311c50, 0x0000014be631f240, 0x0000014bece6d6c0, 0x0000014beea3cbb0,
0x0000014beea3b170, 0x0000014beea39dc0, 0x0000014beea3aae0, 0x0000014beea36940,
0x0000014beea390a0, 0x0000014beea3df60, 0x0000014beea36fd0, 0x0000014beea38a10,
0x0000014beea3a450, 0x0000014bece704b0, 0x0000014bece6f100, 0x0000014bece70b40,
0x0000014bece6e3e0, 0x0000014bece6dd50, 0x0000014bece6ea70, 0x0000014bece6f790,
0x0000014bece6fe20, 0x0000014bec0794b0, 0x0000014bec07cfc0, 0x0000014bec07d650
}

Java Threads: ( => current thread )
  0x0000014be61c9540 JavaThread "Reference Handler"          daemon [_thread_blocked, id=60680, stack(0x0000000d62600000,0x0000000d62700000) (1024K)]
  0x0000014be61ca8e0 JavaThread "Finalizer"                  daemon [_thread_blocked, id=45124, stack(0x0000000d62700000,0x0000000d62800000) (1024K)]
  0x0000014be61d0f20 JavaThread "Signal Dispatcher"          daemon [_thread_blocked, id=51584, stack(0x0000000d62800000,0x0000000d62900000) (1024K)]
  0x0000014be61d1970 JavaThread "Attach Listener"            daemon [_thread_blocked, id=69840, stack(0x0000000d62900000,0x0000000d62a00000) (1024K)]
  0x0000014be61d23c0 JavaThread "Service Thread"             daemon [_thread_blocked, id=70324, stack(0x0000000d62a00000,0x0000000d62b00000) (1024K)]
  0x0000014be61d2e10 JavaThread "Monitor Deflation Thread"   daemon [_thread_blocked, id=38192, stack(0x0000000d62b00000,0x0000000d62c00000) (1024K)]
=>0x0000014be61d3b90 JavaThread "C2 CompilerThread0"         daemon [_thread_in_native, id=55796, stack(0x0000000d62c00000,0x0000000d62d00000) (1024K)]
  0x0000014be624ba90 JavaThread "C1 CompilerThread0"         daemon [_thread_blocked, id=57516, stack(0x0000000d62d00000,0x0000000d62e00000) (1024K)]
  0x0000014be6311c50 JavaThread "Notification Thread"        daemon [_thread_blocked, id=41320, stack(0x0000000d62e00000,0x0000000d62f00000) (1024K)]
  0x0000014be631f240 JavaThread "Common-Cleaner"             daemon [_thread_blocked, id=56540, stack(0x0000000d62f00000,0x0000000d63000000) (1024K)]
  0x0000014bece6d6c0 JavaThread "Cleaner-0"                  daemon [_thread_blocked, id=56640, stack(0x0000000d63a00000,0x0000000d63b00000) (1024K)]
  0x0000014beea3cbb0 JavaThread "DestroyJavaVM"                     [_thread_blocked, id=58844, stack(0x0000000d61e00000,0x0000000d61f00000) (1024K)]
  0x0000014beea3b170 JavaThread "File Watcher"               daemon [_thread_blocked, id=49232, stack(0x0000000d61d00000,0x0000000d61e00000) (1024K)]
  0x0000014beea39dc0 JavaThread "File Watcher"               daemon [_thread_blocked, id=29184, stack(0x0000000d63400000,0x0000000d63500000) (1024K)]
  0x0000014beea3aae0 JavaThread "File Watcher"               daemon [_thread_in_native, id=32144, stack(0x0000000d63500000,0x0000000d63600000) (1024K)]
  0x0000014beea36940 JavaThread "Catalina-utility-1"                [_thread_blocked, id=43448, stack(0x0000000d63600000,0x0000000d63700000) (1024K)]
  0x0000014beea390a0 JavaThread "Catalina-utility-2"                [_thread_blocked, id=25280, stack(0x0000000d63700000,0x0000000d63800000) (1024K)]
  0x0000014beea3df60 JavaThread "container-3"                       [_thread_blocked, id=54724, stack(0x0000000d63800000,0x0000000d63900000) (1024K)]
  0x0000014beea36fd0 JavaThread "HikariPool-2:housekeeper"   daemon [_thread_blocked, id=20236, stack(0x0000000d63b00000,0x0000000d63c00000) (1024K)]
  0x0000014beea38a10 JavaThread "File Watcher"               daemon [_thread_in_native, id=21816, stack(0x0000000d63d00000,0x0000000d63e00000) (1024K)]
  0x0000014beea3a450 JavaThread "http-nio-8081-exec-1"       daemon [_thread_blocked, id=72536, stack(0x0000000d63e00000,0x0000000d63f00000) (1024K)]
  0x0000014bece704b0 JavaThread "http-nio-8081-exec-2"       daemon [_thread_blocked, id=53068, stack(0x0000000d63f00000,0x0000000d64000000) (1024K)]
  0x0000014bece6f100 JavaThread "http-nio-8081-exec-3"       daemon [_thread_blocked, id=55512, stack(0x0000000d64000000,0x0000000d64100000) (1024K)]
  0x0000014bece70b40 JavaThread "http-nio-8081-exec-4"       daemon [_thread_blocked, id=55960, stack(0x0000000d64100000,0x0000000d64200000) (1024K)]
  0x0000014bece6e3e0 JavaThread "http-nio-8081-exec-5"       daemon [_thread_blocked, id=69168, stack(0x0000000d64200000,0x0000000d64300000) (1024K)]
  0x0000014bece6dd50 JavaThread "http-nio-8081-exec-6"       daemon [_thread_blocked, id=28176, stack(0x0000000d64300000,0x0000000d64400000) (1024K)]
  0x0000014bece6ea70 JavaThread "http-nio-8081-exec-7"       daemon [_thread_blocked, id=24040, stack(0x0000000d64400000,0x0000000d64500000) (1024K)]
  0x0000014bece6f790 JavaThread "http-nio-8081-exec-8"       daemon [_thread_blocked, id=73544, stack(0x0000000d64500000,0x0000000d64600000) (1024K)]
  0x0000014bece6fe20 JavaThread "http-nio-8081-exec-9"       daemon [_thread_blocked, id=30316, stack(0x0000000d64600000,0x0000000d64700000) (1024K)]
  0x0000014bec0794b0 JavaThread "http-nio-8081-exec-10"      daemon [_thread_blocked, id=50956, stack(0x0000000d64700000,0x0000000d64800000) (1024K)]
  0x0000014bec07cfc0 JavaThread "http-nio-8081-Poller"       daemon [_thread_in_native, id=31048, stack(0x0000000d64800000,0x0000000d64900000) (1024K)]
  0x0000014bec07d650 JavaThread "http-nio-8081-Acceptor"     daemon [_thread_in_native, id=20060, stack(0x0000000d64900000,0x0000000d64a00000) (1024K)]
Total: 32

Other Threads:
  0x0000014be61aba80 VMThread "VM Thread"                           [id=12320, stack(0x0000000d62500000,0x0000000d62600000) (1024K)]
  0x0000014be61970b0 WatcherThread "VM Periodic Task Thread"        [id=56008, stack(0x0000000d62400000,0x0000000d62500000) (1024K)]
  0x0000014bced924c0 WorkerThread "GC Thread#0"                     [id=28020, stack(0x0000000d61f00000,0x0000000d62000000) (1024K)]
  0x0000014be6b74270 WorkerThread "GC Thread#1"                     [id=39952, stack(0x0000000d63100000,0x0000000d63200000) (1024K)]
  0x0000014be6af2220 WorkerThread "GC Thread#2"                     [id=50848, stack(0x0000000d63200000,0x0000000d63300000) (1024K)]
  0x0000014be697b850 WorkerThread "GC Thread#3"                     [id=48688, stack(0x0000000d63300000,0x0000000d63400000) (1024K)]
  0x0000014bceda26c0 ConcurrentGCThread "G1 Main Marker"            [id=50464, stack(0x0000000d62000000,0x0000000d62100000) (1024K)]
  0x0000014bceda39b0 WorkerThread "G1 Conc#0"                       [id=48620, stack(0x0000000d62100000,0x0000000d62200000) (1024K)]
  0x0000014bcedfe980 ConcurrentGCThread "G1 Refine#0"               [id=11048, stack(0x0000000d62200000,0x0000000d62300000) (1024K)]
  0x0000014be604ae50 ConcurrentGCThread "G1 Service"                [id=38628, stack(0x0000000d62300000,0x0000000d62400000) (1024K)]
Total: 10

Threads with active compile tasks:
C2 CompilerThread0  4779615 19805       4       java.lang.ClassLoader::defineClass (43 bytes)
Total: 1

VM state: not at safepoint (normal execution)

VM Mutex/Monitor currently owned by a thread: None

Heap address: 0x0000000086400000, size: 1948 MB, Compressed Oops mode: 32-bit

CDS archive(s) mapped at: [0x0000014b80000000-0x0000014b80c80000-0x0000014b80c80000), size 13107200, SharedBaseAddress: 0x0000014b80000000, ArchiveRelocationMode: 1.
Compressed class space mapped at: 0x0000014b81000000-0x0000014bc1000000, reserved size: 1073741824
Narrow klass base: 0x0000014b80000000, Narrow klass shift: 0, Narrow klass range: 0x100000000

GC Precious Log:
 CardTable entry size: 512
 Card Set container configuration: InlinePtr #cards 5 size 8 Array Of Cards #cards 12 size 40 Howl #buckets 4 coarsen threshold 1843 Howl Bitmap #cards 512 size 80 coarsen threshold 460 Card regions per heap region 1 cards per card region 2048
 CPUs: 4 total, 4 available
 Memory: 7790M
 Large Page Support: Disabled
 NUMA Support: Disabled
 Compressed Oops: Enabled (32-bit)
 Heap Region Size: 1M
 Heap Min Capacity: 8M
 Heap Initial Capacity: 122M
 Heap Max Capacity: 1948M
 Pre-touch: Disabled
 Parallel Workers: 4
 Concurrent Workers: 1
 Concurrent Refinement Workers: 4
 Periodic GC: Disabled

Heap:
 garbage-first heap   total 76800K, used 52074K [0x0000000086400000, 0x0000000100000000)
  region size 1024K, 9 young (9216K), 1 survivors (1024K)
 Metaspace       used 92039K, committed 92864K, reserved 1179648K
  class space    used 12726K, committed 13120K, reserved 1048576K

Heap Regions: E=young(eden), S=young(survivor), O=old, HS=humongous(starts), HC=humongous(continues), CS=collection set, F=free, TAMS=top-at-mark-start, PB=parsable bottom
|   0|0x0000000086400000, 0x0000000086500000, 0x0000000086500000|100%|HS|  |TAMS 0x0000000086400000| PB 0x0000000086400000| Complete 
|   1|0x0000000086500000, 0x0000000086600000, 0x0000000086600000|100%|HS|  |TAMS 0x0000000086500000| PB 0x0000000086500000| Complete 
|   2|0x0000000086600000, 0x0000000086700000, 0x0000000086700000|100%| O|  |TAMS 0x0000000086600000| PB 0x0000000086600000| Untracked 
|   3|0x0000000086700000, 0x0000000086800000, 0x0000000086800000|100%| O|  |TAMS 0x0000000086700000| PB 0x0000000086700000| Untracked 
|   4|0x0000000086800000, 0x00000000868ffff8, 0x0000000086900000| 99%| O|  |TAMS 0x0000000086800000| PB 0x0000000086800000| Untracked 
|   5|0x0000000086900000, 0x00000000869f4628, 0x0000000086a00000| 95%| O|  |TAMS 0x0000000086900000| PB 0x0000000086900000| Untracked 
|   6|0x0000000086a00000, 0x0000000086b00000, 0x0000000086b00000|100%| O|  |TAMS 0x0000000086a00000| PB 0x0000000086a00000| Untracked 
|   7|0x0000000086b00000, 0x0000000086bfffe8, 0x0000000086c00000| 99%| O|  |TAMS 0x0000000086b00000| PB 0x0000000086b00000| Untracked 
|   8|0x0000000086c00000, 0x0000000086cffff8, 0x0000000086d00000| 99%| O|  |TAMS 0x0000000086c00000| PB 0x0000000086c00000| Untracked 
|   9|0x0000000086d00000, 0x0000000086e00000, 0x0000000086e00000|100%| O|  |TAMS 0x0000000086d00000| PB 0x0000000086d00000| Untracked 
|  10|0x0000000086e00000, 0x0000000086effff0, 0x0000000086f00000| 99%| O|  |TAMS 0x0000000086e00000| PB 0x0000000086e00000| Untracked 
|  11|0x0000000086f00000, 0x0000000086fffff8, 0x0000000087000000| 99%| O|  |TAMS 0x0000000086f00000| PB 0x0000000086f00000| Untracked 
|  12|0x0000000087000000, 0x00000000870fff88, 0x0000000087100000| 99%| O|  |TAMS 0x0000000087000000| PB 0x0000000087000000| Untracked 
|  13|0x0000000087100000, 0x00000000871ffff0, 0x0000000087200000| 99%| O|  |TAMS 0x0000000087100000| PB 0x0000000087100000| Untracked 
|  14|0x0000000087200000, 0x00000000872fffd8, 0x0000000087300000| 99%| O|  |TAMS 0x0000000087200000| PB 0x0000000087200000| Untracked 
|  15|0x0000000087300000, 0x00000000873fffa8, 0x0000000087400000| 99%| O|  |TAMS 0x0000000087300000| PB 0x0000000087300000| Untracked 
|  16|0x0000000087400000, 0x00000000874ffff8, 0x0000000087500000| 99%| O|  |TAMS 0x0000000087400000| PB 0x0000000087400000| Untracked 
|  17|0x0000000087500000, 0x00000000875fffe8, 0x0000000087600000| 99%| O|  |TAMS 0x0000000087500000| PB 0x0000000087500000| Untracked 
|  18|0x0000000087600000, 0x00000000876fffe8, 0x0000000087700000| 99%| O|  |TAMS 0x0000000087600000| PB 0x0000000087600000| Untracked 
|  19|0x0000000087700000, 0x0000000087800000, 0x0000000087800000|100%| O|  |TAMS 0x0000000087700000| PB 0x0000000087700000| Untracked 
|  20|0x0000000087800000, 0x00000000878fffe8, 0x0000000087900000| 99%| O|  |TAMS 0x0000000087800000| PB 0x0000000087800000| Untracked 
|  21|0x0000000087900000, 0x00000000879fffd8, 0x0000000087a00000| 99%| O|  |TAMS 0x0000000087900000| PB 0x0000000087900000| Untracked 
|  22|0x0000000087a00000, 0x0000000087affff0, 0x0000000087b00000| 99%| O|  |TAMS 0x0000000087a00000| PB 0x0000000087a00000| Untracked 
|  23|0x0000000087b00000, 0x0000000087bfffd8, 0x0000000087c00000| 99%| O|  |TAMS 0x0000000087b00000| PB 0x0000000087b00000| Untracked 
|  24|0x0000000087c00000, 0x0000000087cfffe8, 0x0000000087d00000| 99%| O|  |TAMS 0x0000000087c00000| PB 0x0000000087c00000| Untracked 
|  25|0x0000000087d00000, 0x0000000087e00000, 0x0000000087e00000|100%| O|  |TAMS 0x0000000087d00000| PB 0x0000000087d00000| Untracked 
|  26|0x0000000087e00000, 0x0000000087ef9c78, 0x0000000087f00000| 97%| O|  |TAMS 0x0000000087e00000| PB 0x0000000087e00000| Untracked 
|  27|0x0000000087f00000, 0x0000000088000000, 0x0000000088000000|100%| O|  |TAMS 0x0000000087f00000| PB 0x0000000087f00000| Untracked 
|  28|0x0000000088000000, 0x0000000088100000, 0x0000000088100000|100%| O|  |TAMS 0x0000000088000000| PB 0x0000000088000000| Untracked 
|  29|0x0000000088100000, 0x0000000088200000, 0x0000000088200000|100%| O|  |TAMS 0x0000000088100000| PB 0x0000000088100000| Untracked 
|  30|0x0000000088200000, 0x0000000088300000, 0x0000000088300000|100%| O|  |TAMS 0x0000000088200000| PB 0x0000000088200000| Untracked 
|  31|0x0000000088300000, 0x0000000088400000, 0x0000000088400000|100%| O|  |TAMS 0x0000000088300000| PB 0x0000000088300000| Untracked 
|  32|0x0000000088400000, 0x0000000088400000, 0x0000000088500000|  0%| F|  |TAMS 0x0000000088400000| PB 0x0000000088400000| Untracked 
|  33|0x0000000088500000, 0x0000000088600000, 0x0000000088600000|100%| O|  |TAMS 0x0000000088500000| PB 0x0000000088500000| Untracked 
|  34|0x0000000088600000, 0x0000000088700000, 0x0000000088700000|100%| O|  |TAMS 0x0000000088600000| PB 0x0000000088600000| Untracked 
|  35|0x0000000088700000, 0x0000000088800000, 0x0000000088800000|100%| O|  |TAMS 0x0000000088700000| PB 0x0000000088700000| Untracked 
|  36|0x0000000088800000, 0x0000000088900000, 0x0000000088900000|100%| O|  |TAMS 0x0000000088800000| PB 0x0000000088800000| Untracked 
|  37|0x0000000088900000, 0x0000000088a00000, 0x0000000088a00000|100%| O|  |TAMS 0x0000000088900000| PB 0x0000000088900000| Untracked 
|  38|0x0000000088a00000, 0x0000000088b00000, 0x0000000088b00000|100%| O|  |TAMS 0x0000000088a00000| PB 0x0000000088a00000| Untracked 
|  39|0x0000000088b00000, 0x0000000088c00000, 0x0000000088c00000|100%| O|  |TAMS 0x0000000088b00000| PB 0x0000000088b00000| Untracked 
|  40|0x0000000088c00000, 0x0000000088d00000, 0x0000000088d00000|100%| O|  |TAMS 0x0000000088c00000| PB 0x0000000088c00000| Untracked 
|  41|0x0000000088d00000, 0x0000000088e00000, 0x0000000088e00000|100%| O|  |TAMS 0x0000000088d00000| PB 0x0000000088d00000| Untracked 
|  42|0x0000000088e00000, 0x0000000088f00000, 0x0000000088f00000|100%| O|  |TAMS 0x0000000088e00000| PB 0x0000000088e00000| Untracked 
|  43|0x0000000088f00000, 0x0000000088f731a0, 0x0000000089000000| 44%| O|  |TAMS 0x0000000088f00000| PB 0x0000000088f00000| Untracked 
|  44|0x0000000089000000, 0x0000000089000000, 0x0000000089100000|  0%| F|  |TAMS 0x0000000089000000| PB 0x0000000089000000| Untracked 
|  45|0x0000000089100000, 0x0000000089200000, 0x0000000089200000|100%| O|  |TAMS 0x0000000089100000| PB 0x0000000089100000| Untracked 
|  46|0x0000000089200000, 0x0000000089200000, 0x0000000089300000|  0%| F|  |TAMS 0x0000000089200000| PB 0x0000000089200000| Untracked 
|  47|0x0000000089300000, 0x0000000089300000, 0x0000000089400000|  0%| F|  |TAMS 0x0000000089300000| PB 0x0000000089300000| Untracked 
|  48|0x0000000089400000, 0x0000000089400000, 0x0000000089500000|  0%| F|  |TAMS 0x0000000089400000| PB 0x0000000089400000| Untracked 
|  49|0x0000000089500000, 0x0000000089500000, 0x0000000089600000|  0%| F|  |TAMS 0x0000000089500000| PB 0x0000000089500000| Untracked 
|  50|0x0000000089600000, 0x0000000089600000, 0x0000000089700000|  0%| F|  |TAMS 0x0000000089600000| PB 0x0000000089600000| Untracked 
|  51|0x0000000089700000, 0x0000000089700000, 0x0000000089800000|  0%| F|  |TAMS 0x0000000089700000| PB 0x0000000089700000| Untracked 
|  52|0x0000000089800000, 0x0000000089800000, 0x0000000089900000|  0%| F|  |TAMS 0x0000000089800000| PB 0x0000000089800000| Untracked 
|  53|0x0000000089900000, 0x0000000089979860, 0x0000000089a00000| 47%| S|CS|TAMS 0x0000000089900000| PB 0x0000000089900000| Complete 
|  54|0x0000000089a00000, 0x0000000089a00000, 0x0000000089b00000|  0%| F|  |TAMS 0x0000000089a00000| PB 0x0000000089a00000| Untracked 
|  55|0x0000000089b00000, 0x0000000089b00000, 0x0000000089c00000|  0%| F|  |TAMS 0x0000000089b00000| PB 0x0000000089b00000| Untracked 
|  56|0x0000000089c00000, 0x0000000089c00000, 0x0000000089d00000|  0%| F|  |TAMS 0x0000000089c00000| PB 0x0000000089c00000| Untracked 
|  57|0x0000000089d00000, 0x0000000089d00000, 0x0000000089e00000|  0%| F|  |TAMS 0x0000000089d00000| PB 0x0000000089d00000| Untracked 
|  58|0x0000000089e00000, 0x0000000089e00000, 0x0000000089f00000|  0%| F|  |TAMS 0x0000000089e00000| PB 0x0000000089e00000| Untracked 
|  59|0x0000000089f00000, 0x0000000089f00000, 0x000000008a000000|  0%| F|  |TAMS 0x0000000089f00000| PB 0x0000000089f00000| Untracked 
|  60|0x000000008a000000, 0x000000008a000000, 0x000000008a100000|  0%| F|  |TAMS 0x000000008a000000| PB 0x000000008a000000| Untracked 
|  61|0x000000008a100000, 0x000000008a100000, 0x000000008a200000|  0%| F|  |TAMS 0x000000008a100000| PB 0x000000008a100000| Untracked 
|  62|0x000000008a200000, 0x000000008a200000, 0x000000008a300000|  0%| F|  |TAMS 0x000000008a200000| PB 0x000000008a200000| Untracked 
|  63|0x000000008a300000, 0x000000008a300000, 0x000000008a400000|  0%| F|  |TAMS 0x000000008a300000| PB 0x000000008a300000| Untracked 
|  64|0x000000008a400000, 0x000000008a400000, 0x000000008a500000|  0%| F|  |TAMS 0x000000008a400000| PB 0x000000008a400000| Untracked 
|  65|0x000000008a500000, 0x000000008a500000, 0x000000008a600000|  0%| F|  |TAMS 0x000000008a500000| PB 0x000000008a500000| Untracked 
|  92|0x000000008c000000, 0x000000008c000000, 0x000000008c100000|  0%| F|  |TAMS 0x000000008c000000| PB 0x000000008c000000| Untracked 
|  93|0x000000008c100000, 0x000000008c1ab790, 0x000000008c200000| 66%| E|  |TAMS 0x000000008c100000| PB 0x000000008c100000| Complete 
|  94|0x000000008c200000, 0x000000008c300000, 0x000000008c300000|100%| E|CS|TAMS 0x000000008c200000| PB 0x000000008c200000| Complete 
|  95|0x000000008c300000, 0x000000008c400000, 0x000000008c400000|100%| E|CS|TAMS 0x000000008c300000| PB 0x000000008c300000| Complete 
|  96|0x000000008c400000, 0x000000008c500000, 0x000000008c500000|100%| E|CS|TAMS 0x000000008c400000| PB 0x000000008c400000| Complete 
|  97|0x000000008c500000, 0x000000008c600000, 0x000000008c600000|100%| E|CS|TAMS 0x000000008c500000| PB 0x000000008c500000| Complete 
|  98|0x000000008c600000, 0x000000008c700000, 0x000000008c700000|100%| E|CS|TAMS 0x000000008c600000| PB 0x000000008c600000| Complete 
| 120|0x000000008dc00000, 0x000000008dd00000, 0x000000008dd00000|100%| E|CS|TAMS 0x000000008dc00000| PB 0x000000008dc00000| Complete 
| 121|0x000000008dd00000, 0x000000008de00000, 0x000000008de00000|100%| E|CS|TAMS 0x000000008dd00000| PB 0x000000008dd00000| Complete 

Card table byte_map: [0x0000014be1ab0000,0x0000014be1e80000] _byte_map_base: 0x0000014be167e000

Marking Bits: (CMBitMap*) 0x0000014bced92a60
 Bits: [0x0000014be1e80000, 0x0000014be3cf0000)

Polling page: 0x0000014bcccd0000

Metaspace:

Usage:
  Non-class:     77.45 MB used.
      Class:     12.43 MB used.
       Both:     89.88 MB used.

Virtual space:
  Non-class space:      128.00 MB reserved,      77.88 MB ( 61%) committed,  2 nodes.
      Class space:        1.00 GB reserved,      12.81 MB (  1%) committed,  1 nodes.
             Both:        1.12 GB reserved,      90.69 MB (  8%) committed. 

Chunk freelists:
   Non-Class:  1.85 MB
       Class:  3.02 MB
        Both:  4.87 MB

MaxMetaspaceSize: unlimited
CompressedClassSpaceSize: 1.00 GB
Initial GC threshold: 21.00 MB
Current GC threshold: 150.75 MB
CDS: on
 - commit_granule_bytes: 65536.
 - commit_granule_words: 8192.
 - virtual_space_node_default_size: 8388608.
 - enlarge_chunks_in_place: 1.
 - use_allocation_guard: 0.


Internal statistics:

num_allocs_failed_limit: 6.
num_arena_births: 1640.
num_arena_deaths: 508.
num_vsnodes_births: 3.
num_vsnodes_deaths: 0.
num_space_committed: 1451.
num_space_uncommitted: 0.
num_chunks_returned_to_freelist: 583.
num_chunks_taken_from_freelist: 5535.
num_chunk_merges: 131.
num_chunk_splits: 3606.
num_chunks_enlarged: 2753.
num_inconsistent_stats: 0.

CodeHeap 'non-profiled nmethods': size=120000Kb used=5380Kb max_used=5380Kb free=114619Kb
 bounds [0x0000014bda1b0000, 0x0000014bda700000, 0x0000014be16e0000]
CodeHeap 'profiled nmethods': size=120000Kb used=11861Kb max_used=15165Kb free=108138Kb
 bounds [0x0000014bd26e0000, 0x0000014bd35b0000, 0x0000014bd9c10000]
CodeHeap 'non-nmethods': size=5760Kb used=1722Kb max_used=1820Kb free=4037Kb
 bounds [0x0000014bd9c10000, 0x0000014bd9e80000, 0x0000014bda1b0000]
CodeCache: size=245760Kb, used=18963Kb, max_used=22365Kb, free=226794Kb
 total_blobs=8993, nmethods=8251, adapters=645, full_count=0
Compilation: enabled, stopped_count=0, restarted_count=0

Compilation events (20 events):
Event: 4779.510 Thread 0x0000014be624ba90 19835       1       org.apache.tomcat.util.buf.MessageBytes::getByteChunk (5 bytes)
Event: 4779.510 Thread 0x0000014be624ba90 nmethod 19835 0x0000014bda6f0a90 code [0x0000014bda6f0c20, 0x0000014bda6f0ce8]
Event: 4779.510 Thread 0x0000014be624ba90 19836       1       org.apache.tomcat.util.buf.ByteChunk::getBuffer (5 bytes)
Event: 4779.510 Thread 0x0000014be624ba90 nmethod 19836 0x0000014bda6f0d90 code [0x0000014bda6f0f20, 0x0000014bda6f0fe8]
Event: 4779.510 Thread 0x0000014be624ba90 19839       3       org.apache.tomcat.util.buf.ByteChunk::getCharset (19 bytes)
Event: 4779.510 Thread 0x0000014be624ba90 nmethod 19839 0x0000014bd3062590 code [0x0000014bd3062740, 0x0000014bd30628e0]
Event: 4779.510 Thread 0x0000014be624ba90 19834       3       org.apache.coyote.http11.Http11OutputBuffer::sendHeader (41 bytes)
Event: 4779.510 Thread 0x0000014be624ba90 nmethod 19834 0x0000014bd3061d10 code [0x0000014bd3061f20, 0x0000014bd30623e8]
Event: 4779.511 Thread 0x0000014be624ba90 19843       3       java.lang.invoke.LambdaFormEditor::filterArgumentsForm (74 bytes)
Event: 4779.511 Thread 0x0000014be624ba90 nmethod 19843 0x0000014bd3061710 code [0x0000014bd3061900, 0x0000014bd3061bb0]
Event: 4779.511 Thread 0x0000014be624ba90 19844       3       java.lang.invoke.LambdaForm$Name::<init> (9 bytes)
Event: 4779.511 Thread 0x0000014be624ba90 nmethod 19844 0x0000014bd3061390 code [0x0000014bd3061540, 0x0000014bd3061690]
Event: 4779.514 Thread 0x0000014be624ba90 19845       3       java.lang.invoke.BoundMethodHandle::rebind (14 bytes)
Event: 4779.515 Thread 0x0000014be624ba90 nmethod 19845 0x0000014bd3060a10 code [0x0000014bd3060c20, 0x0000014bd3061168]
Event: 4779.515 Thread 0x0000014be624ba90 19846       3       java.lang.invoke.LambdaForm$Name::cloneWithIndex (47 bytes)
Event: 4779.515 Thread 0x0000014be624ba90 nmethod 19846 0x0000014bd3060110 code [0x0000014bd3060300, 0x0000014bd3060858]
Event: 4779.522 Thread 0x0000014be624ba90 19848       3       java.util.regex.Pattern$CharProperty::match (71 bytes)
Event: 4779.523 Thread 0x0000014be624ba90 nmethod 19848 0x0000014bd305f890 code [0x0000014bd305fa80, 0x0000014bd305ff70]
Event: 4779.523 Thread 0x0000014be624ba90 19849       3       org.apache.catalina.connector.RequestFacade::getAttribute (13 bytes)
Event: 4779.523 Thread 0x0000014be624ba90 nmethod 19849 0x0000014bd305f210 code [0x0000014bd305f400, 0x0000014bd305f710]

GC Heap History (20 events):
Event: 4214.525 GC heap before
{Heap before GC invocations=64 (full 1):
 garbage-first heap   total 76800K, used 69834K [0x0000000086400000, 0x0000000100000000)
  region size 1024K, 35 young (35840K), 1 survivors (1024K)
 Metaspace       used 90366K, committed 91136K, reserved 1179648K
  class space    used 12596K, committed 12928K, reserved 1048576K
}
Event: 4214.622 GC heap after
{Heap after GC invocations=65 (full 1):
 garbage-first heap   total 76800K, used 34990K [0x0000000086400000, 0x0000000100000000)
  region size 1024K, 1 young (1024K), 1 survivors (1024K)
 Metaspace       used 90366K, committed 91136K, reserved 1179648K
  class space    used 12596K, committed 12928K, reserved 1048576K
}
Event: 4339.246 GC heap before
{Heap before GC invocations=66 (full 1):
 garbage-first heap   total 76800K, used 69806K [0x0000000086400000, 0x0000000100000000)
  region size 1024K, 35 young (35840K), 1 survivors (1024K)
 Metaspace       used 90364K, committed 91136K, reserved 1179648K
  class space    used 12595K, committed 12928K, reserved 1048576K
}
Event: 4339.275 GC heap after
{Heap after GC invocations=67 (full 1):
 garbage-first heap   total 76800K, used 35078K [0x0000000086400000, 0x0000000100000000)
  region size 1024K, 1 young (1024K), 1 survivors (1024K)
 Metaspace       used 90364K, committed 91136K, reserved 1179648K
  class space    used 12595K, committed 12928K, reserved 1048576K
}
Event: 4463.104 GC heap before
{Heap before GC invocations=67 (full 1):
 garbage-first heap   total 76800K, used 69894K [0x0000000086400000, 0x0000000100000000)
  region size 1024K, 35 young (35840K), 1 survivors (1024K)
 Metaspace       used 90364K, committed 91136K, reserved 1179648K
  class space    used 12595K, committed 12928K, reserved 1048576K
}
Event: 4463.173 GC heap after
{Heap after GC invocations=68 (full 1):
 garbage-first heap   total 76800K, used 35014K [0x0000000086400000, 0x0000000100000000)
  region size 1024K, 1 young (1024K), 1 survivors (1024K)
 Metaspace       used 90364K, committed 91136K, reserved 1179648K
  class space    used 12595K, committed 12928K, reserved 1048576K
}
Event: 4586.504 GC heap before
{Heap before GC invocations=69 (full 1):
 garbage-first heap   total 76800K, used 69830K [0x0000000086400000, 0x0000000100000000)
  region size 1024K, 35 young (35840K), 1 survivors (1024K)
 Metaspace       used 90364K, committed 91136K, reserved 1179648K
  class space    used 12595K, committed 12928K, reserved 1048576K
}
Event: 4586.510 GC heap after
{Heap after GC invocations=70 (full 1):
 garbage-first heap   total 76800K, used 35097K [0x0000000086400000, 0x0000000100000000)
  region size 1024K, 1 young (1024K), 1 survivors (1024K)
 Metaspace       used 90364K, committed 91136K, reserved 1179648K
  class space    used 12595K, committed 12928K, reserved 1048576K
}
Event: 4694.999 GC heap before
{Heap before GC invocations=70 (full 1):
 garbage-first heap   total 76800K, used 69913K [0x0000000086400000, 0x0000000100000000)
  region size 1024K, 35 young (35840K), 1 survivors (1024K)
 Metaspace       used 90380K, committed 91136K, reserved 1179648K
  class space    used 12596K, committed 12928K, reserved 1048576K
}
Event: 4695.030 GC heap after
{Heap after GC invocations=71 (full 1):
 garbage-first heap   total 76800K, used 35708K [0x0000000086400000, 0x0000000100000000)
  region size 1024K, 1 young (1024K), 1 survivors (1024K)
 Metaspace       used 90380K, committed 91136K, reserved 1179648K
  class space    used 12596K, committed 12928K, reserved 1048576K
}
Event: 4700.530 GC heap before
{Heap before GC invocations=72 (full 1):
 garbage-first heap   total 76800K, used 68476K [0x0000000086400000, 0x0000000100000000)
  region size 1024K, 34 young (34816K), 1 survivors (1024K)
 Metaspace       used 90660K, committed 91328K, reserved 1179648K
  class space    used 12604K, committed 12928K, reserved 1048576K
}
Event: 4700.541 GC heap after
{Heap after GC invocations=73 (full 1):
 garbage-first heap   total 76800K, used 38614K [0x0000000086400000, 0x0000000100000000)
  region size 1024K, 4 young (4096K), 4 survivors (4096K)
 Metaspace       used 90660K, committed 91328K, reserved 1179648K
  class space    used 12604K, committed 12928K, reserved 1048576K
}
Event: 4704.148 GC heap before
{Heap before GC invocations=73 (full 1):
 garbage-first heap   total 76800K, used 65238K [0x0000000086400000, 0x0000000100000000)
  region size 1024K, 31 young (31744K), 4 survivors (4096K)
 Metaspace       used 91031K, committed 91776K, reserved 1179648K
  class space    used 12632K, committed 12992K, reserved 1048576K
}
Event: 4704.166 GC heap after
{Heap after GC invocations=74 (full 1):
 garbage-first heap   total 76800K, used 40620K [0x0000000086400000, 0x0000000100000000)
  region size 1024K, 3 young (3072K), 3 survivors (3072K)
 Metaspace       used 91031K, committed 91776K, reserved 1179648K
  class space    used 12632K, committed 12992K, reserved 1048576K
}
Event: 4706.019 GC heap before
{Heap before GC invocations=74 (full 1):
 garbage-first heap   total 76800K, used 67244K [0x0000000086400000, 0x0000000100000000)
  region size 1024K, 29 young (29696K), 3 survivors (3072K)
 Metaspace       used 91844K, committed 92608K, reserved 1179648K
  class space    used 12688K, committed 13056K, reserved 1048576K
}
Event: 4706.031 GC heap after
{Heap after GC invocations=75 (full 1):
 garbage-first heap   total 76800K, used 44338K [0x0000000086400000, 0x0000000100000000)
  region size 1024K, 4 young (4096K), 4 survivors (4096K)
 Metaspace       used 91844K, committed 92608K, reserved 1179648K
  class space    used 12688K, committed 13056K, reserved 1048576K
}
Event: 4709.643 GC heap before
{Heap before GC invocations=76 (full 1):
 garbage-first heap   total 76800K, used 65842K [0x0000000086400000, 0x0000000100000000)
  region size 1024K, 26 young (26624K), 4 survivors (4096K)
 Metaspace       used 91973K, committed 92800K, reserved 1179648K
  class space    used 12711K, committed 13120K, reserved 1048576K
}
Event: 4709.656 GC heap after
{Heap after GC invocations=77 (full 1):
 garbage-first heap   total 76800K, used 45958K [0x0000000086400000, 0x0000000100000000)
  region size 1024K, 3 young (3072K), 3 survivors (3072K)
 Metaspace       used 91973K, committed 92800K, reserved 1179648K
  class space    used 12711K, committed 13120K, reserved 1048576K
}
Event: 4762.470 GC heap before
{Heap before GC invocations=77 (full 1):
 garbage-first heap   total 76800K, used 67462K [0x0000000086400000, 0x0000000100000000)
  region size 1024K, 24 young (24576K), 3 survivors (3072K)
 Metaspace       used 91976K, committed 92800K, reserved 1179648K
  class space    used 12712K, committed 13120K, reserved 1048576K
}
Event: 4762.495 GC heap after
{Heap after GC invocations=78 (full 1):
 garbage-first heap   total 76800K, used 44906K [0x0000000086400000, 0x0000000100000000)
  region size 1024K, 1 young (1024K), 1 survivors (1024K)
 Metaspace       used 91976K, committed 92800K, reserved 1179648K
  class space    used 12712K, committed 13120K, reserved 1048576K
}

Dll operation events (10 events):
Event: 0.012 Loaded shared library D:\down\eclipse-jee-2025-09-R-win32-x86_64\eclipse\plugins\org.eclipse.justj.openjdk.hotspot.jre.full.win32.x86_64_21.0.8.v20250724-1412\jre\bin\java.dll
Event: 0.066 Loaded shared library D:\down\eclipse-jee-2025-09-R-win32-x86_64\eclipse\plugins\org.eclipse.justj.openjdk.hotspot.jre.full.win32.x86_64_21.0.8.v20250724-1412\jre\bin\zip.dll
Event: 0.197 Loaded shared library D:\down\eclipse-jee-2025-09-R-win32-x86_64\eclipse\plugins\org.eclipse.justj.openjdk.hotspot.jre.full.win32.x86_64_21.0.8.v20250724-1412\jre\bin\net.dll
Event: 0.200 Loaded shared library D:\down\eclipse-jee-2025-09-R-win32-x86_64\eclipse\plugins\org.eclipse.justj.openjdk.hotspot.jre.full.win32.x86_64_21.0.8.v20250724-1412\jre\bin\nio.dll
Event: 0.207 Loaded shared library D:\down\eclipse-jee-2025-09-R-win32-x86_64\eclipse\plugins\org.eclipse.justj.openjdk.hotspot.jre.full.win32.x86_64_21.0.8.v20250724-1412\jre\bin\zip.dll
Event: 0.461 Loaded shared library D:\down\eclipse-jee-2025-09-R-win32-x86_64\eclipse\plugins\org.eclipse.justj.openjdk.hotspot.jre.full.win32.x86_64_21.0.8.v20250724-1412\jre\bin\jimage.dll
Event: 0.921 Loaded shared library D:\down\eclipse-jee-2025-09-R-win32-x86_64\eclipse\plugins\org.eclipse.justj.openjdk.hotspot.jre.full.win32.x86_64_21.0.8.v20250724-1412\jre\bin\management.dll
Event: 0.929 Loaded shared library D:\down\eclipse-jee-2025-09-R-win32-x86_64\eclipse\plugins\org.eclipse.justj.openjdk.hotspot.jre.full.win32.x86_64_21.0.8.v20250724-1412\jre\bin\management_ext.dll
Event: 2.387 Loaded shared library D:\down\eclipse-jee-2025-09-R-win32-x86_64\eclipse\plugins\org.eclipse.justj.openjdk.hotspot.jre.full.win32.x86_64_21.0.8.v20250724-1412\jre\bin\sunmscapi.dll
Event: 6.891 Loaded shared library D:\down\eclipse-jee-2025-09-R-win32-x86_64\eclipse\plugins\org.eclipse.justj.openjdk.hotspot.jre.full.win32.x86_64_21.0.8.v20250724-1412\jre\bin\extnet.dll

Deoptimization events (20 events):
Event: 4704.067 Thread 0x0000014beea39730 DEOPT PACKING pc=0x0000014bd35082fa sp=0x0000000d63cfde60
Event: 4704.067 Thread 0x0000014beea39730 DEOPT UNPACKING pc=0x0000014bd9c64e42 sp=0x0000000d63cfd2e8 mode 0
Event: 4705.908 Thread 0x0000014beea37660 DEOPT PACKING pc=0x0000014bd322467d sp=0x0000000d630fb4b0
Event: 4705.908 Thread 0x0000014beea37660 DEOPT UNPACKING pc=0x0000014bd9c64e42 sp=0x0000000d630fa9e8 mode 0
Event: 4706.377 Thread 0x0000014beea37660 DEOPT PACKING pc=0x0000014bd2cab51a sp=0x0000000d630f9360
Event: 4706.377 Thread 0x0000014beea37660 DEOPT UNPACKING pc=0x0000014bd9c64e42 sp=0x0000000d630f87b0 mode 0
Event: 4706.908 Thread 0x0000014beea37660 DEOPT PACKING pc=0x0000014bd341aa9a sp=0x0000000d630f98b0
Event: 4706.908 Thread 0x0000014beea37660 DEOPT UNPACKING pc=0x0000014bd9c64e42 sp=0x0000000d630f8d90 mode 0
Event: 4706.910 Thread 0x0000014beea37660 DEOPT PACKING pc=0x0000014bd341aa9a sp=0x0000000d630f98b0
Event: 4706.910 Thread 0x0000014beea37660 DEOPT UNPACKING pc=0x0000014bd9c64e42 sp=0x0000000d630f8d90 mode 0
Event: 4706.914 Thread 0x0000014beea37660 DEOPT PACKING pc=0x0000014bd341aa9a sp=0x0000000d630f98b0
Event: 4706.914 Thread 0x0000014beea37660 DEOPT UNPACKING pc=0x0000014bd9c64e42 sp=0x0000000d630f8d90 mode 0
Event: 4706.919 Thread 0x0000014beea37660 DEOPT PACKING pc=0x0000014bd341aa9a sp=0x0000000d630f98b0
Event: 4706.919 Thread 0x0000014beea37660 DEOPT UNPACKING pc=0x0000014bd9c64e42 sp=0x0000000d630f8d90 mode 0
Event: 4706.921 Thread 0x0000014beea37660 DEOPT PACKING pc=0x0000014bd341aa9a sp=0x0000000d630f98b0
Event: 4706.921 Thread 0x0000014beea37660 DEOPT UNPACKING pc=0x0000014bd9c64e42 sp=0x0000000d630f8d90 mode 0
Event: 4706.926 Thread 0x0000014beea37660 DEOPT PACKING pc=0x0000014bd341aa9a sp=0x0000000d630f98b0
Event: 4706.926 Thread 0x0000014beea37660 DEOPT UNPACKING pc=0x0000014bd9c64e42 sp=0x0000000d630f8d90 mode 0
Event: 4708.569 Thread 0x0000014beea37660 DEOPT PACKING pc=0x0000014bd33e53f4 sp=0x0000000d630fbb60
Event: 4708.569 Thread 0x0000014beea37660 DEOPT UNPACKING pc=0x0000014bd9c64e42 sp=0x0000000d630fafe0 mode 0

Classes loaded (20 events):
Event: 24.328 Loading class sun/nio/cs/Surrogate
Event: 24.328 Loading class sun/nio/cs/Surrogate done
Event: 24.328 Loading class java/nio/StringCharBuffer
Event: 24.329 Loading class java/nio/StringCharBuffer done
Event: 642.664 Loading class java/util/ArrayList$SubList$2
Event: 642.674 Loading class java/util/ArrayList$SubList$2 done
Event: 656.502 Loading class java/util/function/DoubleUnaryOperator
Event: 656.503 Loading class java/util/function/DoubleUnaryOperator done
Event: 2389.024 Loading class java/io/PushbackInputStream
Event: 2389.053 Loading class java/io/PushbackInputStream done
Event: 2390.522 Loading class java/text/CalendarBuilder
Event: 2390.524 Loading class java/text/CalendarBuilder done
Event: 2714.011 Loading class java/util/concurrent/locks/AbstractQueuedSynchronizer$SharedNode
Event: 2714.016 Loading class java/util/concurrent/locks/AbstractQueuedSynchronizer$SharedNode done
Event: 2718.858 Loading class java/lang/ref/Finalizer$2
Event: 2719.069 Loading class java/lang/ref/Finalizer$2 done
Event: 2719.069 Loading class java/lang/ref/Finalizer$1
Event: 2719.079 Loading class java/lang/ref/Finalizer$1 done
Event: 2720.882 Loading class java/time/DurationEditor
Event: 2720.882 Loading class java/time/DurationEditor done

Classes unloaded (20 events):
Event: 4695.382 Thread 0x0000014be61aba80 Unloading class 0x0000014b81c98400 'java/lang/invoke/LambdaForm$MH+0x0000014b81c98400'
Event: 4695.382 Thread 0x0000014be61aba80 Unloading class 0x0000014b81c98000 'java/lang/invoke/LambdaForm$MH+0x0000014b81c98000'
Event: 4695.382 Thread 0x0000014be61aba80 Unloading class 0x0000014b81110000 'java/lang/invoke/LambdaForm$MH+0x0000014b81110000'
Event: 4695.382 Thread 0x0000014be61aba80 Unloading class 0x0000014b8118d400 'java/lang/invoke/LambdaForm$MH+0x0000014b8118d400'
Event: 4695.382 Thread 0x0000014be61aba80 Unloading class 0x0000014b81191000 'java/lang/invoke/LambdaForm$MH+0x0000014b81191000'
Event: 4695.382 Thread 0x0000014be61aba80 Unloading class 0x0000014b81192800 'java/lang/invoke/LambdaForm$MH+0x0000014b81192800'
Event: 4695.382 Thread 0x0000014be61aba80 Unloading class 0x0000014b811e8800 'java/lang/invoke/LambdaForm$MH+0x0000014b811e8800'
Event: 4695.382 Thread 0x0000014be61aba80 Unloading class 0x0000014b811e9000 'java/lang/invoke/LambdaForm$MH+0x0000014b811e9000'
Event: 4695.382 Thread 0x0000014be61aba80 Unloading class 0x0000014b81ae1000 'java/lang/invoke/LambdaForm$MH+0x0000014b81ae1000'
Event: 4695.382 Thread 0x0000014be61aba80 Unloading class 0x0000014b81b34000 'java/lang/invoke/LambdaForm$MH+0x0000014b81b34000'
Event: 4695.382 Thread 0x0000014be61aba80 Unloading class 0x0000014b810aac00 'java/lang/invoke/LambdaForm$MH+0x0000014b810aac00'
Event: 4695.382 Thread 0x0000014be61aba80 Unloading class 0x0000014b810a9c00 'java/lang/invoke/LambdaForm$MH+0x0000014b810a9c00'
Event: 4695.382 Thread 0x0000014be61aba80 Unloading class 0x0000014b810a9800 'java/lang/invoke/LambdaForm$MH+0x0000014b810a9800'
Event: 4695.382 Thread 0x0000014be61aba80 Unloading class 0x0000014b810a9000 'java/lang/invoke/LambdaForm$MH+0x0000014b810a9000'
Event: 4695.382 Thread 0x0000014be61aba80 Unloading class 0x0000014b810a8800 'java/lang/invoke/LambdaForm$MH+0x0000014b810a8800'
Event: 4695.382 Thread 0x0000014be61aba80 Unloading class 0x0000014b8102f800 'java/lang/invoke/LambdaForm$MH+0x0000014b8102f800'
Event: 4695.382 Thread 0x0000014be61aba80 Unloading class 0x0000014b8102f000 'java/lang/invoke/LambdaForm$MH+0x0000014b8102f000'
Event: 4695.382 Thread 0x0000014be61aba80 Unloading class 0x0000014b8102e800 'java/lang/invoke/LambdaForm$MH+0x0000014b8102e800'
Event: 4695.382 Thread 0x0000014be61aba80 Unloading class 0x0000014b8102e400 'java/lang/invoke/LambdaForm$MH+0x0000014b8102e400'
Event: 4706.194 Thread 0x0000014be61aba80 Unloading class 0x0000014b81ccc800 'org/apache/catalina/loader/JdbcLeakPrevention'

Classes redefined (0 events):
No events

Internal exceptions (20 events):
Event: 4704.879 Thread 0x0000014beea37660 Exception <a 'java/io/IOException'{0x000000008c2434a0}> (0x000000008c2434a0) 
thrown [s\src\hotspot\share\prims\jni.cpp, line 520]
Event: 4704.879 Thread 0x0000014beea37660 Exception <a 'java/io/IOException'{0x000000008c243a68}> (0x000000008c243a68) 
thrown [s\src\hotspot\share\prims\jni.cpp, line 520]
Event: 4706.280 Thread 0x0000014beea37660 Exception <a 'java/io/IOException'{0x000000008ddb1860}> (0x000000008ddb1860) 
thrown [s\src\hotspot\share\prims\jni.cpp, line 520]
Event: 4706.280 Thread 0x0000014beea37660 Exception <a 'java/io/IOException'{0x000000008ddb2638}> (0x000000008ddb2638) 
thrown [s\src\hotspot\share\prims\jni.cpp, line 520]
Event: 4708.378 Thread 0x0000014beea37660 Exception <a 'java/io/IOException'{0x000000008c290bb8}> (0x000000008c290bb8) 
thrown [s\src\hotspot\share\prims\jni.cpp, line 520]
Event: 4708.379 Thread 0x0000014beea37660 Exception <a 'java/io/IOException'{0x000000008c291430}> (0x000000008c291430) 
thrown [s\src\hotspot\share\prims\jni.cpp, line 520]
Event: 4709.736 Thread 0x0000014beea37660 Exception <a 'java/io/IOException'{0x000000008dd65888}> (0x000000008dd65888) 
thrown [s\src\hotspot\share\prims\jni.cpp, line 520]
Event: 4709.736 Thread 0x0000014beea37660 Exception <a 'java/io/IOException'{0x000000008dd65e50}> (0x000000008dd65e50) 
thrown [s\src\hotspot\share\prims\jni.cpp, line 520]
Event: 4709.743 Thread 0x0000014beea37660 Exception <a 'java/io/IOException'{0x000000008dd8b5a8}> (0x000000008dd8b5a8) 
thrown [s\src\hotspot\share\prims\jni.cpp, line 520]
Event: 4709.743 Thread 0x0000014beea37660 Exception <a 'java/io/IOException'{0x000000008dd8b8c0}> (0x000000008dd8b8c0) 
thrown [s\src\hotspot\share\prims\jni.cpp, line 520]
Event: 4709.748 Thread 0x0000014beea37660 Exception <a 'java/io/IOException'{0x000000008dda02d0}> (0x000000008dda02d0) 
thrown [s\src\hotspot\share\prims\jni.cpp, line 520]
Event: 4709.748 Thread 0x0000014beea37660 Exception <a 'java/io/IOException'{0x000000008dda0898}> (0x000000008dda0898) 
thrown [s\src\hotspot\share\prims\jni.cpp, line 520]
Event: 4779.240 Thread 0x0000014beea3a450 Exception <a 'java/io/IOException'{0x000000008c2a8958}> (0x000000008c2a8958) 
thrown [s\src\hotspot\share\prims\jni.cpp, line 520]
Event: 4779.240 Thread 0x0000014beea3a450 Exception <a 'java/io/IOException'{0x000000008c2a8f20}> (0x000000008c2a8f20) 
thrown [s\src\hotspot\share\prims\jni.cpp, line 520]
Event: 4779.240 Thread 0x0000014beea3a450 Exception <a 'java/io/IOException'{0x000000008c2aa650}> (0x000000008c2aa650) 
thrown [s\src\hotspot\share\prims\jni.cpp, line 520]
Event: 4779.240 Thread 0x0000014beea3a450 Exception <a 'java/io/IOException'{0x000000008c2aac18}> (0x000000008c2aac18) 
thrown [s\src\hotspot\share\prims\jni.cpp, line 520]
Event: 4779.255 Thread 0x0000014beea3a450 Exception <a 'java/io/IOException'{0x000000008c2b6598}> (0x000000008c2b6598) 
thrown [s\src\hotspot\share\prims\jni.cpp, line 520]
Event: 4779.255 Thread 0x0000014beea3a450 Exception <a 'java/io/IOException'{0x000000008c2b6b60}> (0x000000008c2b6b60) 
thrown [s\src\hotspot\share\prims\jni.cpp, line 520]
Event: 4779.523 Thread 0x0000014bece704b0 Exception <a 'java/io/IOException'{0x000000008c1820b8}> (0x000000008c1820b8) 
thrown [s\src\hotspot\share\prims\jni.cpp, line 520]
Event: 4779.523 Thread 0x0000014bece704b0 Exception <a 'java/io/IOException'{0x000000008c182be0}> (0x000000008c182be0) 
thrown [s\src\hotspot\share\prims\jni.cpp, line 520]

ZGC Phase Switch (0 events):
No events

VM Operations (20 events):
Event: 4710.663 Executing VM operation: Cleanup
Event: 4710.663 Executing VM operation: Cleanup done
Event: 4711.677 Executing VM operation: Cleanup
Event: 4711.677 Executing VM operation: Cleanup done
Event: 4713.701 Executing VM operation: Cleanup
Event: 4713.701 Executing VM operation: Cleanup done
Event: 4716.724 Executing VM operation: Cleanup
Event: 4716.724 Executing VM operation: Cleanup done
Event: 4733.813 Executing VM operation: Cleanup
Event: 4733.813 Executing VM operation: Cleanup done
Event: 4743.866 Executing VM operation: Cleanup
Event: 4743.866 Executing VM operation: Cleanup done
Event: 4750.468 Executing VM operation: HandshakeAllThreads (HandshakeForDeflation)
Event: 4750.468 Executing VM operation: HandshakeAllThreads (HandshakeForDeflation) done
Event: 4750.468 Executing VM operation: RendezvousGCThreads
Event: 4750.468 Executing VM operation: RendezvousGCThreads done
Event: 4758.529 Executing VM operation: Cleanup
Event: 4758.529 Executing VM operation: Cleanup done
Event: 4762.470 Executing VM operation: G1CollectForAllocation (G1 Evacuation Pause)
Event: 4762.495 Executing VM operation: G1CollectForAllocation (G1 Evacuation Pause) done

Memory protections (0 events):
No events

Nmethod flushes (20 events):
Event: 4706.208 Thread 0x0000014be61aba80 flushing osr nmethod 0x0000014bd2712890
Event: 4706.208 Thread 0x0000014be61aba80 flushing  nmethod 0x0000014bd3346d10
Event: 4706.208 Thread 0x0000014be61aba80 flushing  nmethod 0x0000014bd3357510
Event: 4706.208 Thread 0x0000014be61aba80 flushing  nmethod 0x0000014bd3357890
Event: 4706.208 Thread 0x0000014be61aba80 flushing  nmethod 0x0000014bd3358090
Event: 4706.208 Thread 0x0000014be61aba80 flushing  nmethod 0x0000014bd3372f10
Event: 4706.208 Thread 0x0000014be61aba80 flushing  nmethod 0x0000014bd3407c90
Event: 4706.208 Thread 0x0000014be61aba80 flushing  nmethod 0x0000014bd3408490
Event: 4706.208 Thread 0x0000014be61aba80 flushing osr nmethod 0x0000014bd340c010
Event: 4706.208 Thread 0x0000014be61aba80 flushing  nmethod 0x0000014bd3413290
Event: 4706.208 Thread 0x0000014be61aba80 flushing  nmethod 0x0000014bd3413a90
Event: 4706.208 Thread 0x0000014be61aba80 flushing  nmethod 0x0000014bd3414510
Event: 4706.208 Thread 0x0000014be61aba80 flushing  nmethod 0x0000014bd34ea710
Event: 4706.208 Thread 0x0000014be61aba80 flushing  nmethod 0x0000014bd3382790
Event: 4706.208 Thread 0x0000014be61aba80 flushing  nmethod 0x0000014bd33ab990
Event: 4706.208 Thread 0x0000014be61aba80 flushing  nmethod 0x0000014bd33b7c90
Event: 4706.208 Thread 0x0000014be61aba80 flushing  nmethod 0x0000014bd33b9590
Event: 4706.208 Thread 0x0000014be61aba80 flushing  nmethod 0x0000014bd33f4c90
Event: 4706.208 Thread 0x0000014be61aba80 flushing  nmethod 0x0000014bd3542310
Event: 4706.208 Thread 0x0000014be61aba80 flushing  nmethod 0x0000014bd3572a10

Events (20 events):
Event: 4701.185 Thread 0x0000014beea37660 Thread added: 0x0000014beea390a0
Event: 4701.186 Thread 0x0000014beea37660 Thread added: 0x0000014beea3df60
Event: 4703.227 Thread 0x0000014beea37660 Thread added: 0x0000014beea36fd0
Event: 4703.349 Thread 0x0000014beea36fd0 Thread added: 0x0000014beea39730
Event: 4709.583 Thread 0x0000014beea37660 Thread added: 0x0000014beea38a10
Event: 4709.722 Thread 0x0000014beea37660 Thread added: 0x0000014beea3a450
Event: 4709.722 Thread 0x0000014beea37660 Thread added: 0x0000014bece704b0
Event: 4709.722 Thread 0x0000014beea37660 Thread added: 0x0000014bece6f100
Event: 4709.723 Thread 0x0000014beea37660 Thread added: 0x0000014bece70b40
Event: 4709.723 Thread 0x0000014beea37660 Thread added: 0x0000014bece6e3e0
Event: 4709.723 Thread 0x0000014beea37660 Thread added: 0x0000014bece6dd50
Event: 4709.723 Thread 0x0000014beea37660 Thread added: 0x0000014bece6ea70
Event: 4709.724 Thread 0x0000014beea37660 Thread added: 0x0000014bece6f790
Event: 4709.724 Thread 0x0000014beea37660 Thread added: 0x0000014bece6fe20
Event: 4709.724 Thread 0x0000014beea37660 Thread added: 0x0000014bec0794b0
Event: 4709.735 Thread 0x0000014beea37660 Thread added: 0x0000014bec07cfc0
Event: 4709.735 Thread 0x0000014beea37660 Thread added: 0x0000014bec07d650
Event: 4709.749 Thread 0x0000014beea37660 Thread exited: 0x0000014beea37660
Event: 4709.749 Thread 0x0000014beea3d8d0 Thread exited: 0x0000014beea3d8d0
Event: 4711.413 Thread 0x0000014beea39730 Thread exited: 0x0000014beea39730


Dynamic libraries:
0x00007ff754b20000 - 0x00007ff754b2e000 	D:\down\eclipse-jee-2025-09-R-win32-x86_64\eclipse\plugins\org.eclipse.justj.openjdk.hotspot.jre.full.win32.x86_64_21.0.8.v20250724-1412\jre\bin\javaw.exe
0x00007ffde75f0000 - 0x00007ffde77e8000 	C:\Windows\SYSTEM32\ntdll.dll
0x00007ffde5610000 - 0x00007ffde56d2000 	C:\Windows\System32\KERNEL32.DLL
0x00007ffde5310000 - 0x00007ffde5606000 	C:\Windows\System32\KERNELBASE.dll
0x00007ffde4f10000 - 0x00007ffde5010000 	C:\Windows\System32\ucrtbase.dll
0x00007ffddefe0000 - 0x00007ffddeff8000 	D:\down\eclipse-jee-2025-09-R-win32-x86_64\eclipse\plugins\org.eclipse.justj.openjdk.hotspot.jre.full.win32.x86_64_21.0.8.v20250724-1412\jre\bin\jli.dll
0x00007ffde5d20000 - 0x00007ffde5ec1000 	C:\Windows\System32\USER32.dll
0x00007ffde52e0000 - 0x00007ffde5302000 	C:\Windows\System32\win32u.dll
0x00007ffde5770000 - 0x00007ffde579b000 	C:\Windows\System32\GDI32.dll
0x00007ffde51c0000 - 0x00007ffde52d9000 	C:\Windows\System32\gdi32full.dll
0x00007ffde50a0000 - 0x00007ffde513d000 	C:\Windows\System32\msvcp_win.dll
0x00007ffdddc80000 - 0x00007ffdddc9e000 	D:\down\eclipse-jee-2025-09-R-win32-x86_64\eclipse\plugins\org.eclipse.justj.openjdk.hotspot.jre.full.win32.x86_64_21.0.8.v20250724-1412\jre\bin\VCRUNTIME140.dll
0x00007ffdd0d80000 - 0x00007ffdd101b000 	C:\Windows\WinSxS\amd64_microsoft.windows.common-controls_6595b64144ccf1df_6.0.19041.6456_none_60b8a6cb71f64256\COMCTL32.dll
0x00007ffde66e0000 - 0x00007ffde677e000 	C:\Windows\System32\msvcrt.dll
0x00007ffde6e10000 - 0x00007ffde6e3f000 	C:\Windows\System32\IMM32.DLL
0x00007ffddf2e0000 - 0x00007ffddf2ec000 	D:\down\eclipse-jee-2025-09-R-win32-x86_64\eclipse\plugins\org.eclipse.justj.openjdk.hotspot.jre.full.win32.x86_64_21.0.8.v20250724-1412\jre\bin\vcruntime140_1.dll
0x00007ffdb5590000 - 0x00007ffdb561d000 	D:\down\eclipse-jee-2025-09-R-win32-x86_64\eclipse\plugins\org.eclipse.justj.openjdk.hotspot.jre.full.win32.x86_64_21.0.8.v20250724-1412\jre\bin\msvcp140.dll
0x00007ffd852c0000 - 0x00007ffd86057000 	D:\down\eclipse-jee-2025-09-R-win32-x86_64\eclipse\plugins\org.eclipse.justj.openjdk.hotspot.jre.full.win32.x86_64_21.0.8.v20250724-1412\jre\bin\server\jvm.dll
0x00007ffde6500000 - 0x00007ffde65b1000 	C:\Windows\System32\ADVAPI32.dll
0x00007ffde6d10000 - 0x00007ffde6daf000 	C:\Windows\System32\sechost.dll
0x00007ffde65c0000 - 0x00007ffde66e0000 	C:\Windows\System32\RPCRT4.dll
0x00007ffde4c80000 - 0x00007ffde4ca7000 	C:\Windows\System32\bcrypt.dll
0x00007ffde6930000 - 0x00007ffde699b000 	C:\Windows\System32\WS2_32.dll
0x00007ffde4ae0000 - 0x00007ffde4b2b000 	C:\Windows\SYSTEM32\POWRPROF.dll
0x00007ffdcff80000 - 0x00007ffdcffa7000 	C:\Windows\SYSTEM32\WINMM.dll
0x00007ffddd650000 - 0x00007ffddd65a000 	C:\Windows\SYSTEM32\VERSION.dll
0x00007ffde4ac0000 - 0x00007ffde4ad2000 	C:\Windows\SYSTEM32\UMPDC.dll
0x00007ffde3490000 - 0x00007ffde34a2000 	C:\Windows\SYSTEM32\kernel.appcore.dll
0x00007ffdde8d0000 - 0x00007ffdde8da000 	D:\down\eclipse-jee-2025-09-R-win32-x86_64\eclipse\plugins\org.eclipse.justj.openjdk.hotspot.jre.full.win32.x86_64_21.0.8.v20250724-1412\jre\bin\jimage.dll
0x00007ffde2860000 - 0x00007ffde2a61000 	C:\Windows\SYSTEM32\DBGHELP.DLL
0x00007ffddbb80000 - 0x00007ffddbbb4000 	C:\Windows\SYSTEM32\dbgcore.DLL
0x00007ffde5010000 - 0x00007ffde5092000 	C:\Windows\System32\bcryptPrimitives.dll
0x00007ffdc6070000 - 0x00007ffdc608f000 	D:\down\eclipse-jee-2025-09-R-win32-x86_64\eclipse\plugins\org.eclipse.justj.openjdk.hotspot.jre.full.win32.x86_64_21.0.8.v20250724-1412\jre\bin\java.dll
0x00007ffde6e40000 - 0x00007ffde75b0000 	C:\Windows\System32\SHELL32.dll
0x00007ffde2cd0000 - 0x00007ffde3475000 	C:\Windows\SYSTEM32\windows.storage.dll
0x00007ffde57b0000 - 0x00007ffde5b04000 	C:\Windows\System32\combase.dll
0x00007ffde45d0000 - 0x00007ffde45fb000 	C:\Windows\SYSTEM32\Wldp.dll
0x00007ffde5c50000 - 0x00007ffde5d1d000 	C:\Windows\System32\OLEAUT32.dll
0x00007ffde5ed0000 - 0x00007ffde5f7d000 	C:\Windows\System32\SHCORE.dll
0x00007ffde5b70000 - 0x00007ffde5bcb000 	C:\Windows\System32\shlwapi.dll
0x00007ffde4bb0000 - 0x00007ffde4bd4000 	C:\Windows\SYSTEM32\profapi.dll
0x00007ffdb87b0000 - 0x00007ffdb87c8000 	D:\down\eclipse-jee-2025-09-R-win32-x86_64\eclipse\plugins\org.eclipse.justj.openjdk.hotspot.jre.full.win32.x86_64_21.0.8.v20250724-1412\jre\bin\zip.dll
0x00007ffdd27d0000 - 0x00007ffdd27e0000 	D:\down\eclipse-jee-2025-09-R-win32-x86_64\eclipse\plugins\org.eclipse.justj.openjdk.hotspot.jre.full.win32.x86_64_21.0.8.v20250724-1412\jre\bin\net.dll
0x00007ffdd9130000 - 0x00007ffdd923a000 	C:\Windows\SYSTEM32\WINHTTP.dll
0x00007ffde4330000 - 0x00007ffde439a000 	C:\Windows\system32\mswsock.dll
0x00007ffdb7d50000 - 0x00007ffdb7d66000 	D:\down\eclipse-jee-2025-09-R-win32-x86_64\eclipse\plugins\org.eclipse.justj.openjdk.hotspot.jre.full.win32.x86_64_21.0.8.v20250724-1412\jre\bin\nio.dll
0x00007ffddee90000 - 0x00007ffddee9a000 	D:\down\eclipse-jee-2025-09-R-win32-x86_64\eclipse\plugins\org.eclipse.justj.openjdk.hotspot.jre.full.win32.x86_64_21.0.8.v20250724-1412\jre\bin\management.dll
0x00007ffddedf0000 - 0x00007ffddedfb000 	D:\down\eclipse-jee-2025-09-R-win32-x86_64\eclipse\plugins\org.eclipse.justj.openjdk.hotspot.jre.full.win32.x86_64_21.0.8.v20250724-1412\jre\bin\management_ext.dll
0x00007ffde57a0000 - 0x00007ffde57a8000 	C:\Windows\System32\PSAPI.DLL
0x00007ffddc610000 - 0x00007ffddc61e000 	D:\down\eclipse-jee-2025-09-R-win32-x86_64\eclipse\plugins\org.eclipse.justj.openjdk.hotspot.jre.full.win32.x86_64_21.0.8.v20250724-1412\jre\bin\sunmscapi.dll
0x00007ffde4db0000 - 0x00007ffde4f0d000 	C:\Windows\System32\CRYPT32.dll
0x00007ffde4640000 - 0x00007ffde4667000 	C:\Windows\SYSTEM32\ncrypt.dll
0x00007ffde4600000 - 0x00007ffde463b000 	C:\Windows\SYSTEM32\NTASN1.dll
0x00007ffde4530000 - 0x00007ffde4548000 	C:\Windows\SYSTEM32\CRYPTSP.dll
0x00007ffde3c50000 - 0x00007ffde3c88000 	C:\Windows\system32\rsaenh.dll
0x00007ffde4b30000 - 0x00007ffde4b5e000 	C:\Windows\SYSTEM32\USERENV.dll
0x00007ffde4520000 - 0x00007ffde452c000 	C:\Windows\SYSTEM32\CRYPTBASE.dll
0x00007ffde4010000 - 0x00007ffde404b000 	C:\Windows\SYSTEM32\IPHLPAPI.DLL
0x00007ffde69a0000 - 0x00007ffde69a8000 	C:\Windows\System32\NSI.dll
0x00007ffde4050000 - 0x00007ffde411a000 	C:\Windows\SYSTEM32\DNSAPI.dll
0x00007ffddd910000 - 0x00007ffddd91a000 	C:\Windows\System32\rasadhlp.dll
0x00007ffdd4800000 - 0x00007ffdd4880000 	C:\Windows\System32\fwpuclnt.dll
0x00007ffdddae0000 - 0x00007ffdddae9000 	D:\down\eclipse-jee-2025-09-R-win32-x86_64\eclipse\plugins\org.eclipse.justj.openjdk.hotspot.jre.full.win32.x86_64_21.0.8.v20250724-1412\jre\bin\extnet.dll
0x00007ffdddb30000 - 0x00007ffdddb37000 	C:\Windows\system32\wshunix.dll

JVMTI agents: none

dbghelp: loaded successfully - version: 4.0.5 - missing functions: none
symbol engine: initialized successfully - sym options: 0x614 - pdb path: .;D:\down\eclipse-jee-2025-09-R-win32-x86_64\eclipse\plugins\org.eclipse.justj.openjdk.hotspot.jre.full.win32.x86_64_21.0.8.v20250724-1412\jre\bin;C:\Windows\SYSTEM32;C:\Windows\WinSxS\amd64_microsoft.windows.common-controls_6595b64144ccf1df_6.0.19041.6456_none_60b8a6cb71f64256;D:\down\eclipse-jee-2025-09-R-win32-x86_64\eclipse\plugins\org.eclipse.justj.openjdk.hotspot.jre.full.win32.x86_64_21.0.8.v20250724-1412\jre\bin\server

VM Arguments:
jvm_args: -Dfile.encoding=UTF-8 -Dstdout.encoding=UTF-8 -Dstderr.encoding=UTF-8 -XX:+ShowCodeDetailsInExceptionMessages 
java_command: com.sprint.pet_shop.PetShopApplication
java_class_path (initial): D:\Happy_paws\new\PetShopManagement_HappyPaws\pet_shop\target\classes;C:\Users\admin\.m2\repository\org\springframework\boot\spring-boot-starter-data-jpa\4.0.5\spring-boot-starter-data-jpa-4.0.5.jar;C:\Users\admin\.m2\repository\org\springframework\boot\spring-boot-starter\4.0.5\spring-boot-starter-4.0.5.jar;C:\Users\admin\.m2\repository\org\springframework\boot\spring-boot-starter-logging\4.0.5\spring-boot-starter-logging-4.0.5.jar;C:\Users\admin\.m2\repository\ch\qos\logback\logback-classic\1.5.32\logback-classic-1.5.32.jar;C:\Users\admin\.m2\repository\ch\qos\logback\logback-core\1.5.32\logback-core-1.5.32.jar;C:\Users\admin\.m2\repository\org\apache\logging\log4j\log4j-to-slf4j\2.25.3\log4j-to-slf4j-2.25.3.jar;C:\Users\admin\.m2\repository\org\apache\logging\log4j\log4j-api\2.25.3\log4j-api-2.25.3.jar;C:\Users\admin\.m2\repository\org\slf4j\jul-to-slf4j\2.0.17\jul-to-slf4j-2.0.17.jar;C:\Users\admin\.m2\repository\jakarta\annotation\jakarta.annotation-api\3.0.0\jakarta.annotation-api-3.0.0.jar;C:\Users\admin\.m2\repository\org\yaml\snakeyaml\2.5\snakeyaml-2.5.jar;C:\Users\admin\.m2\repository\org\springframework\boot\spring-boot-starter-jdbc\4.0.5\spring-boot-starter-jdbc-4.0.5.jar;C:\Users\admin\.m2\repository\com\zaxxer\HikariCP\7.0.2\HikariCP-7.0.2.jar;C:\Users\admin\.m2\repository\org\springframework\boot\spring-boot-data-jpa\4.0.5\spring-boot-data-jpa-4.0.5.jar;C:\Users\admin\.m2\repository\org\springframework\boot\spring-boot-data-commons\4.0.5\spring-boot-data-commons-4.0.5.jar;C:\Users\admin\.m2\repository\org\springframework\boot\spring-boot-persistence\4.0.5\spring-boot-persistence-4.0.5.jar;C:\Users\admin\.m2\repository\org\springframework\data\spring-data-commons\4.0.4\spring-data-commons-4.0.4.jar;C:\Users\admin\.m2\repository\org\springframework\boot\spring-boot-hibernate\4.0.5\spring-boot-hibernate-4.0.5.jar;C:\Users\admin\.m2\repository\org\springframework\boot\spring-boot-jpa\4.0.5\spring-boot-jpa-4.0.5.jar;C:\Users\admin\.m2\repository\jakarta\persistence\jakarta.persistence-api\3.2.0\jakarta.persistence-api-3.2.0.jar;C:\Users\admin\.m2\repository\org\hibernate\orm\hibernate-core\7.2.7.Final\hibernate-core-7.2.7.Final.jar;C:\Users\admin\.m2\repository\jakarta\transaction\jakarta.transaction-api\2.0.1\jakarta.transaction-api-2.0.1.jar;C:\Users\admin\.m2\repository\org\hibernate\models\hibernate-models\1.0.1\hibernate-models-1.0.1.jar;C:\Users\admin\.m2\repository\org\glassfish\jaxb\jaxb-runtime\4.0.6\jaxb-runtime-4.0.6.jar;C:\Users\admin\.m2\repository\org\glassfish\jaxb\jaxb-core\4.0.6\jaxb-core-4.0.6.jar;C:\Users\admin\.m2\repository\org\eclipse\angus\angus-activation\2.0.3\angus-activation-2.0.3.jar;C:\Users\admin\.m2\repository\org\glassfish\jaxb\txw2\4.0.6\txw2-4.0.6.jar;C:\Users\admin\.m2\repository\com\sun\istack\istack-commons-runtime\4.1.2\istack-commons-runtime-4.1.2.jar;C:\Users\admin\.m2\repository\jakarta\inject\jakarta.inject-api\2.0.1\jakarta.inject-api-2.0.1.jar;C:\Users\admin\.m2\repository\org\springframework\spring-orm\7.0.6\spring-orm-7.0.6.jar;C:\Users\admin\.m2\repository\org\springframework\data\spring-data-jpa\4.0.4\spring-data-jpa-4.0.4.jar;C:\Users\admin\.m2\repository\org\springframework\spring-tx\7.0.6\spring-tx-7.0.6.jar;C:\Users\admin\.m2\repository\org\antlr\antlr4-runtime\4.13.2\antlr4-runtime-4.13.2.jar;C:\Users\admin\.m2\repository\org\springframework\spring-aspects\7.0.6\spring-aspects-7.0.6.jar;C:\Users\admin\.m2\repository\org\aspectj\aspectjweaver\1.9.25.1\aspectjweaver-1.9.25.1.jar;C:\Users\admin\.m2\repository\org\springframework\boot\spring-boot-jdbc\4.0.5\spring-boot-jdbc-4.0.5.jar;C:\Users\admin\.m2\repository\org\springframework\boot\spring-boot-sql\4.0.5\spring-boot-sql-4.0.5.jar;C:\Users\admin\.m2\repository\org\springframework\boot\spring-boot-transaction\4.0.5\spring-boot-transaction-4.0.5.jar;C:\Users\admin\.m2\repository\org\springframework\spring-jdbc\7.0.6\spring-jdbc-7.0.6.jar;C:\Users\admin\.m2\repository\org\springframework\boot\spring-boot-starter-webmvc\4.0.5\spring-boot-starter-webmvc-4.0.5.jar;C:\Users\admin\.m2\repository\org\springframework\boot\spring-boot-starter-jackson\4.0.5\spring-boot-starter-jackson-4.0.5.jar;C:\Users\admin\.m2\repository\org\springframework\boot\spring-boot-jackson\4.0.5\spring-boot-jackson-4.0.5.jar;C:\Users\admin\.m2\repository\tools\jackson\core\jackson-databind\3.1.0\jackson-databind-3.1.0.jar;C:\Users\admin\.m2\repository\com\fasterxml\jackson\core\jackson-annotations\2.21\jackson-annotations-2.21.jar;C:\Users\admin\.m2\repository\tools\jackson\core\jackson-core\3.1.0\jackson-core-3.1.0.jar;C:\Users\admin\.m2\repository\org\springframework\boot\spring-boot-starter-tomcat\4.0.5\spring-boot-starter-tomcat-4.0.5.jar;C:\Users\admin\.m2\repository\org\springframework\boot\spring-boot-starter-tomcat-runtime\4.0.5\spring-boot-starter-tomcat-runtime-4.0.5.jar;C:\Users\admin\.m2\repository\org\apache\tomcat\embed\tomcat-embed-core\11.0.20\tomcat-embed-core-11.0.20.jar;C:\Users\admin\.m2\repository\org\apache\tomcat\embed\tomcat-embed-websocket\11.0.20\tomcat-embed-websocket-11.0.20.jar;C:\Users\admin\.m2\repository\org\springframework\boot\spring-boot-tomcat\4.0.5\spring-boot-tomcat-4.0.5.jar;C:\Users\admin\.m2\repository\org\springframework\boot\spring-boot-http-converter\4.0.5\spring-boot-http-converter-4.0.5.jar;C:\Users\admin\.m2\repository\org\springframework\spring-web\7.0.6\spring-web-7.0.6.jar;C:\Users\admin\.m2\repository\io\micrometer\micrometer-observation\1.16.4\micrometer-observation-1.16.4.jar;C:\Users\admin\.m2\repository\io\micrometer\micrometer-commons\1.16.4\micrometer-commons-1.16.4.jar;C:\Users\admin\.m2\repository\org\springframework\boot\spring-boot-webmvc\4.0.5\spring-boot-webmvc-4.0.5.jar;C:\Users\admin\.m2\repository\org\springframework\boot\spring-boot-servlet\4.0.5\spring-boot-servlet-4.0.5.jar;C:\Users\admin\.m2\repository\org\springframework\spring-webmvc\7.0.6\spring-webmvc-7.0.6.jar;C:\Users\admin\.m2\repository\org\springframework\spring-expression\7.0.6\spring-expression-7.0.6.jar;C:\Users\admin\.m2\repository\org\springframework\boot\spring-boot-devtools\4.0.5\spring-boot-devtools-4.0.5.jar;C:\Users\admin\.m2\repository\org\springframework\boot\spring-boot\4.0.5\spring-boot-4.0.5.jar;C:\Users\admin\.m2\repository\org\springframework\spring-context\7.0.6\spring-context-7.0.6.jar;C:\Users\admin\.m2\repository\org\springframework\boot\spring-boot-autoconfigure\4.0.5\spring-boot-autoconfigure-4.0.5.jar;C:\Users\admin\.m2\repository\org\postgresql\postgresql\42.7.10\postgresql-42.7.10.jar;C:\Users\admin\.m2\repository\org\checkerframework\checker-qual\3.52.0\checker-qual-3.52.0.jar;C:\Users\admin\.m2\repository\org\springframework\boot\spring-boot-web-server\4.0.5\spring-boot-web-server-4.0.5.jar;C:\Users\admin\.m2\repository\org\springframework\boot\spring-boot-starter-validation\4.0.5\spring-boot-starter-validation-4.0.5.jar;C:\Users\admin\.m2\repository\org\springframework\boot\spring-boot-validation\4.0.5\spring-boot-validation-4.0.5.jar;C:\Users\admin\.m2\repository\org\apache\tomcat\embed\tomcat-embed-el\11.0.20\tomcat-embed-el-11.0.20.jar;C:\Users\admin\.m2\repository\org\hibernate\validator\hibernate-validator\9.0.1.Final\hibernate-validator-9.0.1.Final.jar;C:\Users\admin\.m2\repository\jakarta\validation\jakarta.validation-api\3.1.1\jakarta.validation-api-3.1.1.jar;C:\Users\admin\.m2\repository\org\jboss\logging\jboss-logging\3.6.3.Final\jboss-logging-3.6.3.Final.jar;C:\Users\admin\.m2\repository\com\fasterxml\classmate\1.7.3\classmate-1.7.3.jar;C:\Users\admin\.m2\repository\org\slf4j\slf4j-api\2.0.17\slf4j-api-2.0.17.jar;C:\Users\admin\.m2\repository\jakarta\xml\bind\jakarta.xml.bind-api\4.0.4\jakarta.xml.bind-api-4.0.4.jar;C:\Users\admin\.m2\repository\jakarta\activation\jakarta.activation-api\2.1.4\jakarta.activation-api-2.1.4.jar;C:\Users\admin\.m2\repository\net\bytebuddy\byte-buddy\1.17.8\byte-buddy-1.17.8.jar;C:\Users\admin\.m2\repository\org\springframework\spring-core\7.0.6\spring-core-7.0.6.jar;C:\Users\admin\.m2\repository\commons-logging\commons-logging\1.3.6\commons-logging-1.3.6.jar;C:\Users\admin\.m2\repository\org\jspecify\jspecify\1.0.0\jspecify-1.0.0.jar;C:\Users\admin\.m2\repository\org\springframework\boot\spring-boot-starter-web\4.0.5\spring-boot-starter-web-4.0.5.jar;C:\Users\admin\.m2\repository\org\springframework\boot\spring-boot-starter-security\4.0.5\spring-boot-starter-security-4.0.5.jar;C:\Users\admin\.m2\repository\org\springframework\boot\spring-boot-security\4.0.5\spring-boot-security-4.0.5.jar;C:\Users\admin\.m2\repository\org\springframework\security\spring-security-config\7.0.4\spring-security-config-7.0.4.jar;C:\Users\admin\.m2\repository\org\springframework\security\spring-security-core\7.0.4\spring-security-core-7.0.4.jar;C:\Users\admin\.m2\repository\org\springframework\security\spring-security-crypto\7.0.4\spring-security-crypto-7.0.4.jar;C:\Users\admin\.m2\repository\org\springframework\security\spring-security-web\7.0.4\spring-security-web-7.0.4.jar;C:\Users\admin\.m2\repository\org\springframework\spring-aop\7.0.6\spring-aop-7.0.6.jar;C:\Users\admin\.m2\repository\org\springframework\spring-beans\7.0.6\spring-beans-7.0.6.jar
Launcher Type: SUN_STANDARD

[Global flags]
     intx CICompilerCount                          = 3                                         {product} {ergonomic}
     uint ConcGCThreads                            = 1                                         {product} {ergonomic}
     uint G1ConcRefinementThreads                  = 4                                         {product} {ergonomic}
   size_t G1HeapRegionSize                         = 1048576                                   {product} {ergonomic}
    uintx GCDrainStackTargetSize                   = 64                                        {product} {ergonomic}
   size_t InitialHeapSize                          = 127926272                                 {product} {ergonomic}
   size_t MarkStackSize                            = 4194304                                   {product} {ergonomic}
   size_t MaxHeapSize                              = 2042626048                                {product} {ergonomic}
   size_t MaxNewSize                               = 1224736768                                {product} {ergonomic}
   size_t MinHeapDeltaBytes                        = 1048576                                   {product} {ergonomic}
   size_t MinHeapSize                              = 8388608                                   {product} {ergonomic}
    uintx NonNMethodCodeHeapSize                   = 5832780                                {pd product} {ergonomic}
    uintx NonProfiledCodeHeapSize                  = 122912730                              {pd product} {ergonomic}
    uintx ProfiledCodeHeapSize                     = 122912730                              {pd product} {ergonomic}
    uintx ReservedCodeCacheSize                    = 251658240                              {pd product} {ergonomic}
     bool SegmentedCodeCache                       = true                                      {product} {ergonomic}
     bool ShowCodeDetailsInExceptionMessages       = true                                   {manageable} {command line}
   size_t SoftMaxHeapSize                          = 2042626048                             {manageable} {ergonomic}
     bool UseCompressedOops                        = true                           {product lp64_product} {ergonomic}
     bool UseG1GC                                  = true                                      {product} {ergonomic}
     bool UseLargePagesIndividualAllocation        = false                                  {pd product} {ergonomic}

Logging:
Log output configuration:
 #0: stdout all=warning uptime,level,tags foldmultilines=false
 #1: stderr all=off uptime,level,tags foldmultilines=false

Environment Variables:
JAVA_HOME=C:\Program Files\Java\jdk-21
PATH=D:/down/eclipse-jee-2025-09-R-win32-x86_64/eclipse//plugins/org.eclipse.justj.openjdk.hotspot.jre.full.win32.x86_64_21.0.8.v20250724-1412/jre/bin/server;D:/down/eclipse-jee-2025-09-R-win32-x86_64/eclipse//plugins/org.eclipse.justj.openjdk.hotspot.jre.full.win32.x86_64_21.0.8.v20250724-1412/jre/bin;D:\oracle\product\10.2.0\db_1\bin;C:\Program Files\Common Files\Oracle\Java\javapath;C:\Program Files (x86)\Common Files\Oracle\Java\javapath;C:\Windows\system32;C:\Windows;C:\Windows\System32\Wbem;C:\Windows\System32\WindowsPowerShell\v1.0\;C:\Windows\System32\OpenSSH\;C:\Program Files (x86)\GtkSharp\2.12\bin;C:\Program Files\apache-maven-3.9.8\bin;C:\Program Files\Java\jdk-21\bin;C:\Program Files\nodejs\;D:\down\apache-maven-3.9.14-bin\apache-maven-3.9.14\bin;%maven home%;%java home%\bin;D:\Project_tour\Git\cmd;C:\Program Files\MySQL\MySQL Shell 8.0\bin\;C:\Users\admin\AppData\Local\Microsoft\WindowsApps;C:\Users\admin\AppData\Local\Programs\Microsoft VS Code\bin;C:\Users\admin\AppData\Roaming\npm;D:\down\eclipse-jee-2025-09-R-win32-x86_64\eclipse;
USERNAME=admin
OS=Windows_NT
PROCESSOR_IDENTIFIER=Intel64 Family 6 Model 142 Stepping 9, GenuineIntel
TMP=C:\Users\admin\AppData\Local\Temp
TEMP=C:\Users\admin\AppData\Local\Temp




Periodic native trim disabled

---------------  S Y S T E M  ---------------

OS:
 Windows 10 , 64 bit Build 19041 (10.0.19041.5915)
OS uptime: 90 days 12:15 hours

CPU: total 4 (initial active 4) (2 cores per cpu, 2 threads per core) family 6 model 142 stepping 9 microcode 0xb4, cx8, cmov, fxsr, ht, mmx, 3dnowpref, sse, sse2, sse3, ssse3, sse4.1, sse4.2, popcnt, lzcnt, tsc, tscinvbit, avx, avx2, aes, erms, clmul, bmi1, bmi2, rtm, adx, fma, vzeroupper, clflush, clflushopt, rdtscp, f16c
Processor Information for the first 4 processors :
  Max Mhz: 2901, Current Mhz: 2901, Mhz Limit: 2901

Memory: 4k page, system-wide physical 7790M (363M free)
TotalPageFile size 20220M (AvailPageFile size 0M)
current process WorkingSet (physical memory assigned to process): 197M, peak: 295M
current process commit charge ("private bytes"): 326M, peak: 347M

vm_info: OpenJDK 64-Bit Server VM (21.0.8+9-LTS) for windows-amd64 JRE (21.0.8+9-LTS), built on 2025-07-15T00:00:00Z by "admin" with MS VC++ 17.7 (VS2022)

END.
